0 info it worked if it ends with ok
1 verbose cli [ 'C:\\Program Files\\nodejs\\node.exe',
1 verbose cli   'C:\\Program Files\\nodejs\\node_modules\\npm\\bin\\npm-cli.js',
1 verbose cli   'install',
1 verbose cli   '-g',
1 verbose cli   'learnyounode' ]
2 info using npm@2.14.4
3 info using node@v4.1.2
4 verbose install initial load of C:\Users\orsinich\AppData\Roaming\npm\package.json
5 verbose readDependencies loading dependencies from C:\Users\orsinich\AppData\Roaming\npm\package.json
6 silly cache add args [ 'learnyounode', null ]
7 verbose cache add spec learnyounode
8 silly cache add parsed spec Result {
8 silly cache add   raw: 'learnyounode',
8 silly cache add   scope: null,
8 silly cache add   name: 'learnyounode',
8 silly cache add   rawSpec: '',
8 silly cache add   spec: '*',
8 silly cache add   type: 'range' }
9 silly addNamed learnyounode@*
10 verbose addNamed "*" is a valid semver range for learnyounode
11 silly addNameRange { name: 'learnyounode', range: '*', hasData: false }
12 silly mapToRegistry name learnyounode
13 silly mapToRegistry using default registry
14 silly mapToRegistry registry https://registry.npmjs.org/
15 silly mapToRegistry uri https://registry.npmjs.org/learnyounode
16 verbose addNameRange registry:https://registry.npmjs.org/learnyounode not in flight; fetching
17 verbose request uri https://registry.npmjs.org/learnyounode
18 verbose request no auth needed
19 info attempt registry request try #1 at 1:37:41 PM
20 verbose request id 93d7ab0e1c905f74
21 http request GET https://registry.npmjs.org/learnyounode
22 info retry will retry, error on last attempt: Error: getaddrinfo ENOTFOUND registry.npmjs.org registry.npmjs.org:443
23 info attempt registry request try #2 at 1:37:51 PM
24 http request GET https://registry.npmjs.org/learnyounode
25 info retry will retry, error on last attempt: Error: getaddrinfo ENOTFOUND registry.npmjs.org registry.npmjs.org:443
26 info attempt registry request try #3 at 1:38:51 PM
27 http request GET https://registry.npmjs.org/learnyounode
28 verbose stack Error: getaddrinfo ENOTFOUND registry.npmjs.org registry.npmjs.org:443
28 verbose stack     at errnoException (dns.js:26:10)
28 verbose stack     at GetAddrInfoReqWrap.onlookup [as oncomplete] (dns.js:77:26)
29 verbose cwd C:\Users\orsinich\Documents\learnings
30 error Windows_NT 6.1.7601
31 error argv "C:\\Program Files\\nodejs\\node.exe" "C:\\Program Files\\nodejs\\node_modules\\npm\\bin\\npm-cli.js" "install" "-g" "learnyounode"
32 error node v4.1.2
33 error npm  v2.14.4
34 error code ENOTFOUND
35 error errno ENOTFOUND
36 error syscall getaddrinfo
37 error network getaddrinfo ENOTFOUND registry.npmjs.org registry.npmjs.org:443
37 error network This is most likely not a problem with npm itself
37 error network and is related to network connectivity.
37 error network In most cases you are behind a proxy or have bad network settings.
37 error network
37 error network If you are behind a proxy, please make sure that the
37 error network 'proxy' config is set properly.  See: 'npm help config'
38 verbose exit [ 1, true ]
